#
# There is insufficient memory for the Java Runtime Environment to continue.
# Native memory allocation (mmap) failed to map 268435456 bytes for Failed to commit area from 0x0000000701e00000 to 0x0000000711e00000 of length 268435456.
# Possible reasons:
#   The system is out of physical RAM or swap space
#   The process is running with CompressedOops enabled, and the Java Heap may be blocking the growth of the native heap
# Possible solutions:
#   Reduce memory load on the system
#   Increase physical memory or swap space
#   Check if swap backing store is full
#   Decrease Java heap size (-Xmx/-Xms)
#   Decrease number of Java threads
#   Decrease Java thread stack sizes (-Xss)
#   Set larger code cache with -XX:ReservedCodeCacheSize=
# This output file may be truncated or incomplete.
#
#  Out of Memory Error (./open/src/hotspot/os/windows/os_windows.cpp:3284), pid=25932, tid=32312
#
# JRE version:  (11.0.14+8) (build )
# Java VM: Java HotSpot(TM) 64-Bit Server VM (11.0.14+8-LTS-263, mixed mode, sharing, tiered, compressed oops, g1 gc, windows-amd64)
# No core dump will be written. Minidumps are not enabled by default on client versions of Windows
#

---------------  S U M M A R Y ------------

Command Line: -Dclassworlds.conf=C:\Program Files\NetBeans-14\netbeans\java\maven\bin\m2.conf -Dmaven.home=C:\Program Files\NetBeans-14\netbeans\java\maven -Dlibrary.jansi.path=C:\Program Files\NetBeans-14\netbeans\java\maven\lib\jansi-native -Dmaven.multiModuleProjectDirectory=D:\MEGA\PROGRAMMER\MovieRental org.codehaus.plexus.classworlds.launcher.Launcher -Dnetbeans.deploy=true -Dnetbeans.deploy.clientUrlPart=/login.html -Dmaven.ext.class.path=C:\Program Files\NetBeans-14\netbeans\java\maven-nblib\netbeans-eventspy.jar -Dfile.encoding=UTF-8 package

Host: Intel(R) Core(TM) i7-8750H CPU @ 2.20GHz, 12 cores, 15G,  Windows 10 , 64 bit Build 19041 (10.0.19041.1889)
Time: Mon Sep 12 19:27:43 2022 Hora est. Pacífico, Sudamérica elapsed time: 0.010488 seconds (0d 0h 0m 0s)

---------------  T H R E A D  ---------------

Current thread (0x000001773b82b800):  JavaThread "Unknown thread" [_thread_in_vm, id=32312, stack(0x0000002d6be00000,0x0000002d6bf00000)]

Stack: [0x0000002d6be00000,0x0000002d6bf00000]
Native frames: (J=compiled Java code, j=interpreted, Vv=VM code, C=native code)
V  [jvm.dll+0x6296da]
V  [jvm.dll+0x76323f]
V  [jvm.dll+0x7648e9]
V  [jvm.dll+0x764f73]
V  [jvm.dll+0x23d7c8]
V  [jvm.dll+0x626a5a]
V  [jvm.dll+0x61b7f5]
V  [jvm.dll+0x2f262c]
V  [jvm.dll+0x2f24b2]
V  [jvm.dll+0x2f71d6]
V  [jvm.dll+0x339bdf]
V  [jvm.dll+0x339610]
V  [jvm.dll+0x2cfc48]
V  [jvm.dll+0x2d0db6]
V  [jvm.dll+0x73d857]
V  [jvm.dll+0x73f0ef]
V  [jvm.dll+0x346909]
V  [jvm.dll+0x723160]
V  [jvm.dll+0x3b551f]
V  [jvm.dll+0x3b7631]
C  [jli.dll+0x5207]
C  [ucrtbase.dll+0x21bb2]
C  [KERNEL32.DLL+0x17034]
C  [ntdll.dll+0x52651]


---------------  P R O C E S S  ---------------

Threads class SMR info:
_java_thread_list=0x000001773b5d7530, length=0, elements={
}

Java Threads: ( => current thread )

Other Threads:
  0x000001773b840000 GCTaskThread "GC Thread#0" [stack: 0x0000002d6bf00000,0x0000002d6c000000] [id=5828]
  0x000001773b89d800 ConcurrentGCThread "G1 Main Marker" [stack: 0x0000002d6c000000,0x0000002d6c100000] [id=35656]
  0x000001773b89f000 ConcurrentGCThread "G1 Conc#0" [stack: 0x0000002d6c100000,0x0000002d6c200000] [id=10656]

[error occurred during error reporting (printing all threads), id 0xc0000005, EXCEPTION_ACCESS_VIOLATION (0xc0000005) at pc=0x00007fff3d3feed7]

VM state:not at safepoint (not fully initialized)

VM Mutex/Monitor currently owned by a thread:  ([mutex/lock_event])
[0x000001773b828f50] Heap_lock - owner thread: 0x000001773b82b800

Heap address: 0x0000000701e00000, size: 4066 MB, Compressed Oops mode: Non-zero based: 0x0000000701e00000
Narrow klass base: 0x0000000000000000, Narrow klass shift: 0

GC Heap History (0 events):
No events

Deoptimization events (0 events):
No events

Classes redefined (0 events):
No events

Internal exceptions (0 events):
No events

Events (0 events):
No events


Dynamic libraries:
0x00007ff7474b0000 - 0x00007ff7474bf000 	C:\Program Files\Java\jdk-11.0.14\bin\java.exe
0x00007fff91290000 - 0x00007fff91488000 	C:\Windows\SYSTEM32\ntdll.dll
0x00007fff8fe60000 - 0x00007fff8ff1d000 	C:\Windows\System32\KERNEL32.DLL
0x00007fff8ed80000 - 0x00007fff8f04e000 	C:\Windows\System32\KERNELBASE.dll
0x00007fff8e9b0000 - 0x00007fff8eab0000 	C:\Windows\System32\ucrtbase.dll
0x00007fff86ad0000 - 0x00007fff86ae5000 	C:\Program Files\Java\jdk-11.0.14\bin\VCRUNTIME140.dll
0x00007fff779d0000 - 0x00007fff779e8000 	C:\Program Files\Java\jdk-11.0.14\bin\jli.dll
0x00007fff8f440000 - 0x00007fff8f4ee000 	C:\Windows\System32\ADVAPI32.dll
0x00007fff8f4f0000 - 0x00007fff8f58e000 	C:\Windows\System32\msvcrt.dll
0x00007fff90460000 - 0x00007fff904fc000 	C:\Windows\System32\sechost.dll
0x00007fff90330000 - 0x00007fff90455000 	C:\Windows\System32\RPCRT4.dll
0x00007fff90670000 - 0x00007fff90810000 	C:\Windows\System32\USER32.dll
0x00007fff8ed50000 - 0x00007fff8ed72000 	C:\Windows\System32\win32u.dll
0x00007fff77710000 - 0x00007fff779aa000 	C:\Windows\WinSxS\amd64_microsoft.windows.common-controls_6595b64144ccf1df_6.0.19041.1110_none_60b5254171f9507e\COMCTL32.dll
0x00007fff90810000 - 0x00007fff9083a000 	C:\Windows\System32\GDI32.dll
0x00007fff8f1b0000 - 0x00007fff8f2bb000 	C:\Windows\System32\gdi32full.dll
0x00007fff8ebd0000 - 0x00007fff8ec6d000 	C:\Windows\System32\msvcp_win.dll
0x00007fff87a50000 - 0x00007fff87a5a000 	C:\Windows\SYSTEM32\VERSION.dll
0x00007fff8f2f0000 - 0x00007fff8f320000 	C:\Windows\System32\IMM32.DLL
0x00007fff723b0000 - 0x00007fff7244b000 	C:\Program Files\Java\jdk-11.0.14\bin\msvcp140.dll
0x00007fff3d120000 - 0x00007fff3dc36000 	C:\Program Files\Java\jdk-11.0.14\bin\server\jvm.dll
0x00007fff8f640000 - 0x00007fff8f648000 	C:\Windows\System32\PSAPI.DLL
0x00007fff67bf0000 - 0x00007fff67bf9000 	C:\Windows\SYSTEM32\WSOCK32.dll
0x00007fff78410000 - 0x00007fff78437000 	C:\Windows\SYSTEM32\WINMM.dll
0x00007fff8f970000 - 0x00007fff8f9db000 	C:\Windows\System32\WS2_32.dll
0x00007fff8d240000 - 0x00007fff8d252000 	C:\Windows\SYSTEM32\kernel.appcore.dll
0x00007fff8c170000 - 0x00007fff8c180000 	C:\Program Files\Java\jdk-11.0.14\bin\verify.dll
0x00007fff77ad0000 - 0x00007fff77cb4000 	C:\Windows\SYSTEM32\DBGHELP.DLL
0x00007fff6e530000 - 0x00007fff6e55c000 	C:\Windows\SYSTEM32\dbgcore.DLL
0x00007fff8ecc0000 - 0x00007fff8ed42000 	C:\Windows\System32\bcryptPrimitives.dll
0x00007fff7d290000 - 0x00007fff7d2b8000 	C:\Program Files\Java\jdk-11.0.14\bin\java.dll
0x00007fff89840000 - 0x00007fff8984a000 	C:\Program Files\Java\jdk-11.0.14\bin\jimage.dll
0x00007fff7c650000 - 0x00007fff7c666000 	C:\Program Files\Java\jdk-11.0.14\bin\zip.dll

dbghelp: loaded successfully - version: 4.0.5 - missing functions: none
symbol engine: initialized successfully - sym options: 0x614 - pdb path: .;C:\Program Files\Java\jdk-11.0.14\bin;C:\Windows\SYSTEM32;C:\Windows\WinSxS\amd64_microsoft.windows.common-controls_6595b64144ccf1df_6.0.19041.1110_none_60b5254171f9507e;C:\Program Files\Java\jdk-11.0.14\bin\server

VM Arguments:
jvm_args: -Dclassworlds.conf=C:\Program Files\NetBeans-14\netbeans\java\maven\bin\m2.conf -Dmaven.home=C:\Program Files\NetBeans-14\netbeans\java\maven -Dlibrary.jansi.path=C:\Program Files\NetBeans-14\netbeans\java\maven\lib\jansi-native -Dmaven.multiModuleProjectDirectory=D:\MEGA\PROGRAMMER\MovieRental 
java_command: org.codehaus.plexus.classworlds.launcher.Launcher -Dnetbeans.deploy=true -Dnetbeans.deploy.clientUrlPart=/login.html -Dmaven.ext.class.path=C:\Program Files\NetBeans-14\netbeans\java\maven-nblib\netbeans-eventspy.jar -Dfile.encoding=UTF-8 package
java_class_path (initial): C:\Program Files\NetBeans-14\netbeans\java\maven\boot\plexus-classworlds-2.6.0.jar
Launcher Type: SUN_STANDARD

[Global flags]
     intx CICompilerCount                          = 4                                         {product} {ergonomic}
     uint ConcGCThreads                            = 3                                         {product} {ergonomic}
     uint G1ConcRefinementThreads                  = 10                                        {product} {ergonomic}
   size_t G1HeapRegionSize                         = 1048576                                   {product} {ergonomic}
    uintx GCDrainStackTargetSize                   = 64                                        {product} {ergonomic}
   size_t InitialHeapSize                          = 268435456                                 {product} {ergonomic}
   size_t MarkStackSize                            = 4194304                                   {product} {ergonomic}
   size_t MaxHeapSize                              = 4263510016                                {product} {ergonomic}
   size_t MinHeapDeltaBytes                        = 1048576                                   {product} {ergonomic}
    uintx NonNMethodCodeHeapSize                   = 5836300                                {pd product} {ergonomic}
    uintx NonProfiledCodeHeapSize                  = 122910970                              {pd product} {ergonomic}
    uintx ProfiledCodeHeapSize                     = 122910970                              {pd product} {ergonomic}
    uintx ReservedCodeCacheSize                    = 251658240                              {pd product} {ergonomic}
     bool SegmentedCodeCache                       = true                                      {product} {ergonomic}
     bool UseCompressedClassPointers               = true                                 {lp64_product} {ergonomic}
     bool UseCompressedOops                        = true                                 {lp64_product} {ergonomic}
     bool UseG1GC                                  = true                                      {product} {ergonomic}
     bool UseLargePagesIndividualAllocation        = false                                  {pd product} {ergonomic}

Logging:
Log output configuration:
 #0: stdout all=warning uptime,level,tags
 #1: stderr all=off uptime,level,tags

Environment Variables:
JAVA_HOME=C:\Program Files\Java\jdk-11.0.14
PATH=C:\Program Files\Common Files\Oracle\Java\javapath;C:\Python39\Scripts\;C:\Python39\;C:\Windows\system32;C:\Windows;C:\Windows\System32\Wbem;C:\Windows\System32\WindowsPowerShell\v1.0\;C:\Windows\System32\OpenSSH\;C:\Program Files\NVIDIA Corporation\NVIDIA NvDLISR;C:\Program Files (x86)\NVIDIA Corporation\PhysX\Common;C:\Program Files\Intel\WiFi\bin\;C:\Program Files\Common Files\Intel\WirelessCommon\;C:\Program Files\Git\cmd;C:\ProgramData\chocolatey\bin;C:\Program Files\nodejs\;C:\Users\ingyo\AppData\Local\Programs\Python\Python310\Scripts\;C:\Users\ingyo\AppData\Local\Programs\Python\Python310\;C:\Users\ingyo\AppData\Local\Microsoft\WindowsApps;C:\Program Files\Intel\WiFi\bin\;C:\Program Files\Common Files\Intel\WirelessCommon\;C:\Users\ingyo\AppData\Roaming\npm;C:\Program Files\Sublime Text;C:\Users\ingyo\AppData\Local\Programs\Microsoft VS Code\bin;C:\Users\ingyo\AppData\Local\Programs\Python\Python310;C:\Users\ingyo\AppData\Local\Programs\Python\Python310\Scripts;C:\Users\ingyo\AppData\Local\GitHubDesktop\bin;D:\MEGA\PROGRAMMER\Programming-courses\MISION TIC UTP\CICLO 2\SQLITE\sqlite-tools-win32-x86-3390100;
USERNAME=ingyo
OS=Windows_NT
PROCESSOR_IDENTIFIER=Intel64 Family 6 Model 158 Stepping 10, GenuineIntel



---------------  S Y S T E M  ---------------

OS: Windows 10 , 64 bit Build 19041 (10.0.19041.1889)

CPU:total 12 (initial active 12) (6 cores per cpu, 2 threads per core) family 6 model 158 stepping 10 microcode 0xb4, cmov, cx8, fxsr, mmx, sse, sse2, sse3, ssse3, sse4.1, sse4.2, popcnt, avx, avx2, aes, clmul, erms, 3dnowpref, lzcnt, ht, tsc, tscinvbit, bmi1, bmi2, adx, fma

Memory: 4k page, system-wide physical 16262M (3620M free)
TotalPageFile size 65414M (AvailPageFile size 202M)
current process WorkingSet (physical memory assigned to process): 10M, peak: 10M
current process commit charge ("private bytes"): 64M, peak: 320M

vm_info: Java HotSpot(TM) 64-Bit Server VM (11.0.14+8-LTS-263) for windows-amd64 JRE (11.0.14+8-LTS-263), built on Dec  7 2021 21:53:57 by "mach5one" with MS VC++ 15.9 (VS2017)

END.
